Build started 8/31/2018 9:10:15 AM.
     1>Project "C:\Users\USER\Desktop\Air War\Air War\Air War.vcxproj" on node 2 (rebuild target(s)).
     1>_PrepareForClean:
         Deleting file "Debug\Air War.lastbuildstate".
       InitializeBuildStatus:
         Creating "Debug\Air War.unsuccessfulbuild" because "AlwaysCreate" was specified.
       ClCompile:
         C:\Program Files (x86)\Microsoft Visual Studio 10.0\VC\bin\CL.exe /c /ZI /nologo /W3 /WX- /Od /Oy- /D _MBCS /Gm /EHsc /RTC1 /MDd /GS /fp:precise /Zc:wchar_t /Zc:forScope /Fo"Debug\\" /Fd"Debug\vc100.pdb" /Gd /TP /analyze- /errorReport:prompt iMain.cpp
         iMain.cpp
       Link:
         C:\Program Files (x86)\Microsoft Visual Studio 10.0\VC\bin\link.exe /ERRORREPORT:PROMPT /OUT:"C:\Users\USER\Desktop\Air War\Debug\Air War.exe" /NOLOGO kernel32.lib user32.lib gdi32.lib winspool.lib comdlg32.lib advapi32.lib shell32.lib ole32.lib oleaut32.lib uuid.lib odbc32.lib odbccp32.lib /MANIFEST /ManifestFile:"Debug\Air War.exe.intermediate.manifest" /MANIFESTUAC:"level='asInvoker' uiAccess='false'" /DEBUG /PDB:"C:\Users\USER\Desktop\Air War\Debug\Air War.pdb" /TLBID:1 /DYNAMICBASE /NXCOMPAT /IMPLIB:"C:\Users\USER\Desktop\Air War\Debug\Air War.lib" /MACHINE:X86 Debug\iMain.obj
         Air War.vcxproj -> C:\Users\USER\Desktop\Air War\Debug\Air War.exe
       Manifest:
         C:\Program Files (x86)\Microsoft SDKs\Windows\v7.0A\bin\mt.exe /nologo /verbose /outputresource:"C:\Users\USER\Desktop\Air War\Debug\Air War.exe;#1" /manifest "Debug\Air War.exe.intermediate.manifest"
       FinalizeBuildStatus:
         Deleting file "Debug\Air War.unsuccessfulbuild".
         Touching "Debug\Air War.lastbuildstate".
     1>Done Building Project "C:\Users\USER\Desktop\Air War\Air War\Air War.vcxproj" (rebuild target(s)).

Build succeeded.

Time Elapsed 00:00:05.05
